{
  "RSpec": {
    "coverage": {
      "/home/stxss/repos/odin-twitter/spec/models/account_spec.rb": {
        "lines": [
          1,
          null,
          1,
          1,
          null
        ]
      },
      "/home/stxss/repos/odin-twitter/spec/rails_helper.rb": {
        "lines": [
          null,
          1,
          1,
          1,
          null,
          1,
          1,
          null,
          null,
          null,
          null,
          null,
          null,
          null,
          null,
          null,
          null,
          null,
          null,
          null,
          null,
          null,
          null,
          null,
          null,
          null,
          null,
          1,
          null,
          0,
          null,
          1,
          null,
          1,
          null,
          null,
          null,
          null,
          1,
          null,
          null,
          null,
          null,
          null,
          null,
          null,
          null,
          null,
          null,
          null,
          null,
          null,
          null,
          null,
          null,
          null,
          1,
          null,
          null,
          1,
          null,
          null,
          1,
          null,
          null,
          1,
          null
        ]
      },
      "/home/stxss/repos/odin-twitter/config/environment.rb": {
        "lines": [
          null,
          1,
          null,
          null,
          1
        ]
      },
      "/home/stxss/repos/odin-twitter/config/application.rb": {
        "lines": [
          1,
          null,
          1,
          null,
          1,
          1,
          1,
          1,
          1,
          1,
          1,
          1,
          1,
          1,
          null,
          null,
          null,
          null,
          1,
          null,
          1,
          1,
          null,
          1,
          null,
          null,
          null,
          null,
          null,
          null,
          null,
          null,
          null,
          null,
          1,
          null,
          null
        ]
      },
      "/home/stxss/repos/odin-twitter/config/boot.rb": {
        "lines": [
          1,
          null,
          1,
          1
        ]
      },
      "/home/stxss/repos/odin-twitter/config/environments/test.rb": {
        "lines": [
          1,
          null,
          null,
          null,
          null,
          null,
          null,
          1,
          null,
          null,
          null,
          1,
          null,
          null,
          null,
          null,
          1,
          null,
          null,
          1,
          1,
          null,
          null,
          null,
          null,
          1,
          1,
          1,
          null,
          null,
          1,
          null,
          null,
          1,
          null,
          null,
          1,
          null,
          1,
          null,
          null,
          null,
          null,
          1,
          null,
          null,
          1,
          null,
          null,
          1,
          null,
          null,
          1,
          null,
          null,
          null,
          null,
          null,
          null,
          null
        ]
      },
      "/home/stxss/repos/odin-twitter/config/initializers/assets.rb": {
        "lines": [
          null,
          null,
          null,
          1,
          null,
          null,
          null,
          null,
          null,
          null,
          null,
          null
        ]
      },
      "/home/stxss/repos/odin-twitter/config/initializers/content_security_policy.rb": {
        "lines": [
          null,
          null,
          null,
          null,
          null,
          null,
          null,
          null,
          null,
          null,
          null,
          null,
          null,
          null,
          null,
          null,
          null,
          null,
          null,
          null,
          null,
          null,
          null,
          null,
          null
        ]
      },
      "/home/stxss/repos/odin-twitter/config/initializers/devise.rb": {
        "lines": [
          null,
          null,
          null,
          null,
          null,
          null,
          null,
          null,
          null,
          null,
          1,
          null,
          null,
          null,
          null,
          null,
          null,
          null,
          null,
          null,
          null,
          null,
          null,
          null,
          null,
          null,
          1,
          null,
          null,
          null,
          null,
          null,
          null,
          null,
          null,
          null,
          null,
          null,
          1,
          null,
          null,
          null,
          null,
          null,
          null,
          null,
          null,
          null,
          1,
          null,
          null,
          null,
          null,
          null,
          null,
          null,
          null,
          null,
          null,
          null,
          1,
          null,
          null,
          null,
          null,
          1,
          null,
          null,
          null,
          null,
          null,
          null,
          null,
          null,
          null,
          null,
          null,
          null,
          null,
          null,
          null,
          null,
          null,
          null,
          null,
          null,
          null,
          null,
          null,
          null,
          null,
          null,
          null,
          null,
          null,
          null,
          null,
          null,
          null,
          1,
          null,
          null,
          null,
          null,
          null,
          null,
          null,
          null,
          null,
          null,
          null,
          null,
          null,
          null,
          null,
          null,
          null,
          null,
          null,
          null,
          null,
          null,
          null,
          null,
          null,
          1,
          null,
          null,
          null,
          null,
          null,
          null,
          null,
          null,
          null,
          null,
          null,
          null,
          null,
          null,
          null,
          null,
          null,
          null,
          null,
          null,
          null,
          null,
          null,
          null,
          null,
          null,
          null,
          null,
          null,
          null,
          null,
          null,
          null,
          1,
          null,
          null,
          null,
          null,
          null,
          null,
          null,
          null,
          null,
          1,
          null,
          null,
          null,
          null,
          null,
          null,
          null,
          null,
          null,
          null,
          1,
          null,
          null,
          null,
          null,
          1,
          null,
          null,
          null,
          null,
          null,
          null,
          null,
          null,
          null,
          null,
          null,
          null,
          null,
          null,
          null,
          null,
          null,
          null,
          null,
          null,
          null,
          null,
          null,
          null,
          null,
          null,
          null,
          null,
          null,
          null,
          null,
          null,
          null,
          null,
          null,
          null,
          null,
          null,
          null,
          null,
          1,
          null,
          null,
          null,
          null,
          null,
          null,
          null,
          null,
          null,
          null,
          null,
          null,
          null,
          null,
          null,
          null,
          null,
          null,
          null,
          null,
          null,
          null,
          null,
          null,
          null,
          null,
          null,
          null,
          null,
          null,
          null,
          null,
          null,
          null,
          null,
          null,
          null,
          null,
          null,
          null,
          null,
          1,
          null,
          null,
          null,
          null,
          null,
          null,
          null,
          null,
          null,
          null,
          null,
          null,
          null,
          null,
          null,
          null,
          null,
          null,
          null,
          null,
          null,
          null,
          null,
          null,
          null,
          null,
          null,
          null,
          null,
          null,
          null,
          null,
          null,
          null,
          null,
          1,
          1,
          null,
          null,
          null,
          null,
          null,
          null,
          null
        ]
      },
      "/home/stxss/repos/odin-twitter/config/initializers/filter_parameter_logging.rb": {
        "lines": [
          null,
          null,
          null,
          null,
          null,
          1,
          null,
          null
        ]
      },
      "/home/stxss/repos/odin-twitter/config/initializers/generators.rb": {
        "lines": [
          1,
          1,
          null,
          null,
          null,
          null,
          null,
          null,
          null
        ]
      },
      "/home/stxss/repos/odin-twitter/config/initializers/inflections.rb": {
        "lines": [
          null,
          null,
          null,
          null,
          null,
          null,
          null,
          null,
          null,
          null,
          null,
          null,
          null,
          null,
          null,
          null
        ]
      },
      "/home/stxss/repos/odin-twitter/config/initializers/permissions_policy.rb": {
        "lines": [
          null,
          null,
          null,
          null,
          null,
          null,
          null,
          null,
          null,
          null,
          null
        ]
      },
      "/home/stxss/repos/odin-twitter/spec/factories/accounts.rb": {
        "lines": [
          1,
          1,
          null,
          null,
          null
        ]
      },
      "/home/stxss/repos/odin-twitter/spec/factories/follows.rb": {
        "lines": [
          1,
          1,
          1,
          1,
          null,
          null
        ]
      },
      "/home/stxss/repos/odin-twitter/spec/factories/likes.rb": {
        "lines": [
          1,
          1,
          null,
          null,
          null
        ]
      },
      "/home/stxss/repos/odin-twitter/spec/factories/notifications.rb": {
        "lines": [
          1,
          1,
          null,
          null,
          null
        ]
      },
      "/home/stxss/repos/odin-twitter/spec/factories/retweets.rb": {
        "lines": [
          1,
          1,
          null,
          null,
          null
        ]
      },
      "/home/stxss/repos/odin-twitter/spec/factories/tweets.rb": {
        "lines": [
          1,
          1,
          1,
          null,
          null
        ]
      },
      "/home/stxss/repos/odin-twitter/spec/factories/users.rb": {
        "lines": [
          1,
          1,
          45,
          45,
          45,
          null,
          null
        ]
      },
      "/home/stxss/repos/odin-twitter/config/routes.rb": {
        "lines": [
          1,
          1,
          null,
          null,
          null,
          1,
          null,
          null,
          1,
          1,
          1,
          null,
          null,
          null,
          1,
          1,
          1,
          1,
          null,
          1,
          null,
          null,
          1,
          null,
          null,
          1,
          null,
          null,
          null,
          null,
          1,
          1,
          1,
          null,
          1,
          null,
          1,
          1,
          null,
          1,
          1,
          1,
          1,
          1,
          1,
          null,
          1,
          null,
          1,
          1,
          null,
          null,
          null,
          null,
          null,
          null,
          null
        ]
      },
      "/home/stxss/repos/odin-twitter/app/models/user.rb": {
        "lines": [
          1,
          1,
          null,
          1,
          null,
          null,
          null,
          1,
          null,
          null,
          1,
          1,
          null,
          1,
          1,
          null,
          1,
          1,
          null,
          1,
          1,
          null,
          1,
          null,
          null,
          null,
          1,
          null,
          null,
          1,
          null,
          1,
          1,
          null,
          1,
          7,
          null,
          null,
          1,
          4,
          4,
          null,
          null,
          1,
          1,
          null,
          null,
          1,
          1,
          null,
          null,
          1,
          47,
          null,
          null,
          1,
          14,
          null,
          null,
          1,
          6,
          null,
          null,
          1,
          15,
          null,
          null,
          1,
          2,
          2,
          2,
          0,
          0,
          null,
          null,
          null,
          1,
          56,
          0,
          null,
          null,
          null
        ]
      },
      "/home/stxss/repos/odin-twitter/app/models/application_record.rb": {
        "lines": [
          1,
          1,
          null
        ]
      },
      "/home/stxss/repos/odin-twitter/app/helpers/accounts_helper.rb": {
        "lines": [
          1,
          null
        ]
      },
      "/home/stxss/repos/odin-twitter/app/helpers/application_helper.rb": {
        "lines": [
          1,
          null
        ]
      },
      "/home/stxss/repos/odin-twitter/app/helpers/follows_helper.rb": {
        "lines": [
          1,
          null
        ]
      },
      "/home/stxss/repos/odin-twitter/app/helpers/likes_helper.rb": {
        "lines": [
          1,
          null
        ]
      },
      "/home/stxss/repos/odin-twitter/app/helpers/notifications_helper.rb": {
        "lines": [
          1,
          null
        ]
      },
      "/home/stxss/repos/odin-twitter/app/helpers/retweets_helper.rb": {
        "lines": [
          1,
          null
        ]
      },
      "/home/stxss/repos/odin-twitter/app/helpers/tweets_helper.rb": {
        "lines": [
          1,
          null
        ]
      },
      "/home/stxss/repos/odin-twitter/app/helpers/users_helper.rb": {
        "lines": [
          1,
          null
        ]
      },
      "/home/stxss/repos/odin-twitter/app/models/account.rb": {
        "lines": [
          1,
          1,
          1,
          null,
          1,
          null
        ]
      },
      "/home/stxss/repos/odin-twitter/spec/models/follow_spec.rb": {
        "lines": [
          1,
          null,
          1,
          1,
          null
        ]
      },
      "/home/stxss/repos/odin-twitter/app/models/follow.rb": {
        "lines": [
          1,
          1,
          1,
          null,
          1,
          1,
          null
        ]
      },
      "/home/stxss/repos/odin-twitter/spec/models/like_spec.rb": {
        "lines": [
          1,
          null,
          1,
          1,
          null
        ]
      },
      "/home/stxss/repos/odin-twitter/app/models/like.rb": {
        "lines": [
          1,
          1,
          1,
          null
        ]
      },
      "/home/stxss/repos/odin-twitter/spec/models/notification_spec.rb": {
        "lines": [
          1,
          null,
          1,
          1,
          null
        ]
      },
      "/home/stxss/repos/odin-twitter/app/models/notification.rb": {
        "lines": [
          1,
          1,
          null,
          null,
          null,
          null,
          null,
          null,
          1,
          1,
          null,
          1,
          1,
          null
        ]
      },
      "/home/stxss/repos/odin-twitter/spec/models/retweet_spec.rb": {
        "lines": [
          1,
          null,
          1,
          1,
          null
        ]
      },
      "/home/stxss/repos/odin-twitter/app/models/retweet.rb": {
        "lines": [
          1,
          1,
          null,
          null,
          null,
          null
        ]
      },
      "/home/stxss/repos/odin-twitter/spec/models/tweet_spec.rb": {
        "lines": [
          1,
          null,
          1,
          1,
          null
        ]
      },
      "/home/stxss/repos/odin-twitter/app/models/tweet.rb": {
        "lines": [
          1,
          1,
          1,
          null,
          1,
          1,
          null
        ]
      },
      "/home/stxss/repos/odin-twitter/spec/models/user_spec.rb": {
        "lines": [
          1,
          null,
          1,
          1,
          3,
          3,
          null,
          1,
          1,
          2,
          null,
          null,
          1,
          1,
          null,
          null,
          1,
          1,
          null,
          null,
          null,
          null,
          1,
          3,
          3,
          null,
          1,
          1,
          2,
          2,
          null,
          null,
          1,
          1,
          null,
          null,
          1,
          1,
          null,
          null,
          null,
          null
        ]
      },
      "/home/stxss/repos/odin-twitter/spec/system/user/create_user_spec.rb": {
        "lines": [
          1,
          null,
          1,
          1,
          10,
          null,
          null,
          null,
          1,
          1,
          1,
          1,
          1,
          1,
          1,
          1,
          1,
          null,
          null,
          1,
          1,
          1,
          1,
          1,
          1,
          1,
          1,
          1,
          null,
          null,
          1,
          1,
          1,
          1,
          1,
          1,
          1,
          1,
          null,
          1,
          null,
          1,
          null,
          null,
          1,
          1,
          1,
          1,
          1,
          1,
          1,
          1,
          1,
          null,
          null,
          1,
          1,
          1,
          null,
          1,
          1,
          null,
          1,
          1,
          1,
          1,
          null,
          1,
          null,
          1,
          null,
          null,
          1,
          1,
          1,
          1,
          1,
          1,
          1,
          1,
          null,
          1,
          null,
          1,
          null,
          null,
          1,
          1,
          1,
          1,
          1,
          1,
          1,
          1,
          1,
          1,
          1,
          1,
          1,
          1,
          1,
          1,
          null,
          null,
          1,
          1,
          1,
          1,
          1,
          1,
          1,
          1,
          1,
          1,
          1,
          1,
          1,
          1,
          1,
          1,
          null,
          null,
          1,
          1,
          1,
          1,
          1,
          1,
          1,
          1,
          1,
          null,
          null,
          1,
          1,
          1,
          1,
          1,
          1,
          1,
          1,
          1,
          null,
          null
        ]
      },
      "/home/stxss/repos/odin-twitter/spec/system/user/follow_other_spec.rb": {
        "lines": [
          1,
          null,
          1,
          1,
          7,
          null,
          null,
          null,
          8,
          8,
          8,
          8,
          null,
          1,
          7,
          7,
          7,
          7,
          7,
          null,
          null,
          1,
          1,
          1,
          1,
          1,
          1,
          null,
          null,
          1,
          1,
          1,
          1,
          1,
          1,
          null,
          null,
          1,
          1,
          1,
          1,
          1,
          1,
          null,
          null,
          1,
          1,
          1,
          1,
          1,
          1,
          1,
          1,
          1,
          null,
          null,
          1,
          1,
          1,
          1,
          1,
          1,
          1,
          1,
          1,
          null,
          null,
          1,
          1,
          1,
          1,
          1,
          1,
          1,
          1,
          1,
          null,
          1,
          1,
          1,
          1,
          1,
          null,
          null,
          1,
          1,
          1,
          1,
          1,
          1,
          1,
          1,
          1,
          1,
          1,
          null,
          1,
          1,
          1,
          1,
          1,
          null,
          null
        ]
      },
      "/home/stxss/repos/odin-twitter/spec/system/user/log_in_user_spec.rb": {
        "lines": [
          1,
          null,
          1,
          1,
          2,
          null,
          null,
          null,
          3,
          null,
          1,
          1,
          1,
          1,
          1,
          1,
          null,
          null,
          1,
          1,
          1,
          1,
          1,
          1,
          null,
          null
        ]
      },
      "/home/stxss/repos/odin-twitter/spec/system/user/unfollow_spec.rb": {
        "lines": [
          1,
          null,
          1,
          1,
          2,
          null,
          null,
          null,
          3,
          3,
          null,
          1,
          2,
          2,
          null,
          null,
          1,
          1,
          1,
          1,
          1,
          1,
          1,
          null,
          null,
          1,
          1,
          1,
          1,
          1,
          1,
          null,
          1,
          1,
          null,
          null,
          null,
          null,
          null
        ]
      },
      "/home/stxss/repos/odin-twitter/spec/system/user/update_user_profile_spec.rb": {
        "lines": [
          1,
          null,
          1,
          1,
          2,
          null,
          null,
          null,
          3,
          null,
          1,
          1,
          1,
          1,
          1,
          1,
          1,
          1,
          1,
          1,
          1,
          1,
          1,
          null,
          null,
          1,
          1,
          1,
          1,
          1,
          1,
          1,
          1,
          1,
          1,
          null,
          null,
          null
        ]
      },
      "/home/stxss/repos/odin-twitter/app/controllers/tweets_controller.rb": {
        "lines": [
          1,
          1,
          22,
          null,
          null,
          1,
          0,
          null,
          null,
          1,
          0,
          null,
          0,
          0,
          null,
          0,
          0,
          null,
          null,
          null,
          1,
          null,
          1,
          0,
          null,
          null
        ]
      },
      "/home/stxss/repos/odin-twitter/app/controllers/application_controller.rb": {
        "lines": [
          1,
          1,
          null,
          1,
          null,
          1,
          null,
          1,
          42,
          42,
          42,
          42,
          null,
          null
        ]
      },
      "/home/stxss/repos/odin-twitter/app/controllers/accounts_controller.rb": {
        "lines": [
          1,
          1,
          null,
          null,
          null,
          null,
          null,
          null,
          null,
          null,
          null,
          null,
          null,
          null,
          null,
          null,
          1,
          1,
          13,
          0,
          null,
          null,
          null,
          null,
          1,
          0,
          null,
          null,
          1,
          7,
          null,
          7,
          null,
          7,
          null,
          0,
          0,
          null,
          null,
          null,
          1,
          null,
          1,
          7,
          null,
          null,
          null,
          null,
          null,
          null
        ]
      },
      "/home/stxss/repos/odin-twitter/app/controllers/users_controller.rb": {
        "lines": [
          1,
          1,
          23,
          null,
          null,
          1,
          1,
          null,
          null,
          1,
          2,
          null,
          2,
          2,
          2,
          2,
          null,
          null,
          null,
          null,
          null,
          null,
          0,
          0,
          null,
          null,
          null,
          null,
          1,
          null,
          1,
          2,
          null,
          null
        ]
      },
      "/home/stxss/repos/odin-twitter/app/controllers/follows_controller.rb": {
        "lines": [
          1,
          null,
          null,
          1,
          7,
          null,
          7,
          null,
          7,
          6,
          6,
          null,
          1,
          1,
          null,
          null,
          null,
          1,
          3,
          null,
          3,
          1,
          1,
          1,
          null,
          null,
          2,
          2,
          2,
          null,
          null,
          null,
          1,
          1,
          null,
          1,
          1,
          1,
          null,
          0,
          0,
          null,
          1,
          null,
          null,
          1,
          null,
          1,
          20,
          null,
          null
        ]
      },
      "/home/stxss/repos/odin-twitter/app/controllers/notifications_controller.rb": {
        "lines": [
          1,
          null
        ]
      }
    },
    "timestamp": 1685635532
  }
}
